[2019-07-19T09:41:54.870] [DEBUG] cheese - login => username:admin,password:123456
[2019-07-19T09:41:54.872] [DEBUG] cheese - admin
[2019-07-19T09:41:54.891] [DEBUG] cheese - null
[2019-07-19T09:41:54.891] [DEBUG] cheese - null
[2019-07-19T09:42:20.099] [DEBUG] cheese - login => username:admin,password:123456
[2019-07-19T09:42:20.099] [DEBUG] cheese - admin
[2019-07-19T09:42:20.103] [DEBUG] cheese - null
[2019-07-19T09:42:20.103] [DEBUG] cheese - null
[2019-07-19T09:43:45.592] [DEBUG] cheese - login => username:admin,password:123456
[2019-07-19T09:43:45.592] [DEBUG] cheese - admin
[2019-07-19T09:43:45.596] [DEBUG] cheese - null
[2019-07-19T09:43:45.596] [DEBUG] cheese - null
[2019-07-19T09:44:26.824] [DEBUG] cheese - login => username:admin,password:123456
[2019-07-19T09:44:26.824] [DEBUG] cheese - admin
[2019-07-19T09:44:26.828] [DEBUG] cheese - null
[2019-07-19T09:44:26.828] [DEBUG] cheese - null
[2019-07-19T09:46:48.995] [DEBUG] cheese - login => username:admin,password:123456
[2019-07-19T09:46:48.995] [DEBUG] cheese - admin
[2019-07-19T09:46:48.999] [DEBUG] cheese - null
[2019-07-19T09:46:48.999] [DEBUG] cheese - null
[2019-07-19T09:47:01.334] [DEBUG] cheese - login => username:zhans,password:123456
[2019-07-19T09:47:01.334] [DEBUG] cheese - zhans
[2019-07-19T09:47:01.336] [DEBUG] cheese - null
[2019-07-19T09:47:01.336] [DEBUG] cheese - null
[2019-07-19T09:49:52.924] [DEBUG] cheese - login => username:admin,password:123456
[2019-07-19T09:49:52.924] [DEBUG] cheese - admin
[2019-07-19T09:49:52.930] [DEBUG] cheese - null
[2019-07-19T09:49:52.930] [DEBUG] cheese - null
[2019-07-19T10:15:12.437] [DEBUG] cheese - login => username:admin,password:123456
[2019-07-19T10:15:12.437] [DEBUG] cheese - admin
[2019-07-19T10:15:12.440] [DEBUG] cheese - null
[2019-07-19T10:15:12.440] [DEBUG] cheese - null
[2019-07-19T10:15:21.511] [DEBUG] cheese - login => username:1111,password:123456
[2019-07-19T10:15:21.511] [DEBUG] cheese - 1111
[2019-07-19T10:15:21.513] [DEBUG] cheese - null
[2019-07-19T10:15:21.514] [DEBUG] cheese - null
[2019-07-19T10:19:23.536] [DEBUG] cheese - login => username:11111,password:11111111
[2019-07-19T10:19:23.536] [DEBUG] cheese - 11111
[2019-07-19T10:19:23.539] [DEBUG] cheese - null
[2019-07-19T10:19:23.539] [DEBUG] cheese - null
[2019-07-19T10:33:23.574] [DEBUG] cheese - login => username:admin,password:123456
[2019-07-19T10:33:23.574] [DEBUG] cheese - admin
[2019-07-19T10:33:23.577] [DEBUG] cheese - null
[2019-07-19T10:33:23.577] [DEBUG] cheese - null
[2019-07-19T10:35:33.454] [DEBUG] cheese - login => username:admin,password:123456
[2019-07-19T10:35:33.454] [DEBUG] cheese - admin
[2019-07-19T10:35:33.456] [DEBUG] cheese - null
[2019-07-19T10:35:33.456] [DEBUG] cheese - null
[2019-07-19T11:12:19.667] [DEBUG] cheese - login => username:admin,password:123456
[2019-07-19T11:12:19.667] [DEBUG] cheese - admin
[2019-07-19T11:12:19.671] [DEBUG] cheese - null
[2019-07-19T11:12:19.671] [DEBUG] cheese - null
[2019-07-19T11:16:56.462] [DEBUG] cheese - login => username:admin,password:123456
[2019-07-19T11:16:56.462] [DEBUG] cheese - admin
[2019-07-19T11:16:56.465] [DEBUG] cheese - null
[2019-07-19T11:16:56.465] [DEBUG] cheese - null
[2019-07-19T11:36:06.903] [DEBUG] cheese - login => username:admin,password:123456
[2019-07-19T11:36:06.903] [DEBUG] cheese - admin
[2019-07-19T11:36:06.907] [DEBUG] cheese - null
[2019-07-19T11:36:06.907] [DEBUG] cheese - null
[2019-07-19T11:56:31.677] [DEBUG] cheese - login => username:admin,password:123456
[2019-07-19T11:56:31.677] [DEBUG] cheese - admin
[2019-07-19T11:56:31.681] [DEBUG] cheese - null
[2019-07-19T11:56:31.681] [DEBUG] cheese - null
[2019-07-19T14:45:17.176] [DEBUG] cheese - login => username:admin,password:123456
[2019-07-19T14:45:17.176] [DEBUG] cheese - admin
[2019-07-19T14:45:17.184] [DEBUG] cheese - null
[2019-07-19T14:45:17.184] [DEBUG] cheese - null
[2019-07-19T15:07:56.633] [DEBUG] cheese - login => username:admin,password:123456
[2019-07-19T15:07:56.634] [DEBUG] cheese - admin
[2019-07-19T15:07:56.638] [DEBUG] cheese - null
[2019-07-19T15:07:56.638] [DEBUG] cheese - null
[2019-07-19T15:09:19.006] [DEBUG] cheese - login => username:admin,password:123456
[2019-07-19T15:09:19.006] [DEBUG] cheese - admin
[2019-07-19T15:09:19.008] [DEBUG] cheese - null
[2019-07-19T15:09:19.008] [DEBUG] cheese - null
[2019-07-19T15:26:05.251] [DEBUG] cheese - login => username:admin,password:123456
[2019-07-19T15:26:05.251] [DEBUG] cheese - admin
[2019-07-19T15:26:05.253] [DEBUG] cheese - null
[2019-07-19T15:26:05.253] [DEBUG] cheese - null
[2019-07-19T15:45:05.655] [DEBUG] cheese - login => username:admin,password:123456
[2019-07-19T15:45:05.655] [DEBUG] cheese - admin
[2019-07-19T15:45:05.658] [DEBUG] cheese - null
[2019-07-19T15:45:05.658] [DEBUG] cheese - null
[2019-07-19T17:06:40.957] [DEBUG] cheese - login => username:admin,password:123456
[2019-07-19T17:06:40.957] [DEBUG] cheese - admin
[2019-07-19T17:06:40.963] [DEBUG] cheese - null
[2019-07-19T17:06:40.963] [DEBUG] cheese - null
[2019-07-19T17:58:15.121] [DEBUG] cheese - login => username:admin,password:123456
[2019-07-19T17:58:15.121] [DEBUG] cheese - admin
[2019-07-19T17:58:15.126] [DEBUG] cheese - null
[2019-07-19T17:58:15.126] [DEBUG] cheese - null
[2019-07-19T18:43:15.495] [DEBUG] cheese - login => username:admin,password:123456
[2019-07-19T18:43:15.497] [DEBUG] cheese - admin
[2019-07-19T18:43:15.514] [DEBUG] cheese - null
[2019-07-19T18:43:15.514] [DEBUG] cheese - null
[2019-07-19T18:50:20.172] [DEBUG] cheese - login => username:admin,password:123456
[2019-07-19T18:50:20.172] [DEBUG] cheese - admin
[2019-07-19T18:50:20.175] [DEBUG] cheese - null
[2019-07-19T18:50:20.175] [DEBUG] cheese - null
[2019-07-19T22:16:24.303] [DEBUG] cheese - login => username:admin,password:123456
[2019-07-19T22:16:24.305] [DEBUG] cheese - admin
[2019-07-19T22:16:24.334] [DEBUG] cheese - null
[2019-07-19T22:16:24.334] [DEBUG] cheese - null
[2019-07-19T22:18:32.053] [DEBUG] cheese - login => username:admin,password:123456
[2019-07-19T22:18:32.054] [DEBUG] cheese - admin
[2019-07-19T22:18:32.064] [DEBUG] cheese - null
[2019-07-19T22:18:32.064] [DEBUG] cheese - null
[2019-07-19T22:19:06.770] [DEBUG] cheese - login => username:admin,password:123456
[2019-07-19T22:19:06.771] [DEBUG] cheese - admin
[2019-07-19T22:19:06.773] [DEBUG] cheese - null
[2019-07-19T22:19:06.773] [DEBUG] cheese - null
[2019-07-19T22:19:06.856] [DEBUG] cheese - login => username:admin,password:123456
[2019-07-19T22:19:06.856] [DEBUG] cheese - admin
[2019-07-19T22:19:06.859] [DEBUG] cheese - null
[2019-07-19T22:19:06.859] [DEBUG] cheese - null
[2019-07-19T22:19:42.429] [DEBUG] cheese - login => username:admin,password:123456
[2019-07-19T22:19:42.429] [DEBUG] cheese - admin
[2019-07-19T22:19:42.432] [DEBUG] cheese - null
[2019-07-19T22:19:42.432] [DEBUG] cheese - null
[2019-07-19T22:19:42.514] [DEBUG] cheese - login => username:admin,password:123456
[2019-07-19T22:19:42.514] [DEBUG] cheese - admin
[2019-07-19T22:19:42.518] [DEBUG] cheese - null
[2019-07-19T22:19:42.518] [DEBUG] cheese - null
[2019-07-19T22:21:58.901] [DEBUG] cheese - login => username:admin,password:123456
[2019-07-19T22:21:58.901] [DEBUG] cheese - admin
[2019-07-19T22:21:58.905] [DEBUG] cheese - null
[2019-07-19T22:21:58.905] [DEBUG] cheese - null
[2019-07-19T22:21:58.987] [DEBUG] cheese - login => username:admin,password:123456
[2019-07-19T22:21:58.987] [DEBUG] cheese - admin
[2019-07-19T22:21:58.990] [DEBUG] cheese - null
[2019-07-19T22:21:58.990] [DEBUG] cheese - null
[2019-07-19T22:25:01.922] [DEBUG] cheese - login => username:admin,password:123456
[2019-07-19T22:25:01.922] [DEBUG] cheese - admin
[2019-07-19T22:25:01.925] [DEBUG] cheese - null
[2019-07-19T22:25:01.925] [DEBUG] cheese - null
[2019-07-19T22:25:58.079] [DEBUG] cheese - login => username:admin,password:123456
[2019-07-19T22:25:58.079] [DEBUG] cheese - admin
[2019-07-19T22:25:58.093] [DEBUG] cheese - null
[2019-07-19T22:25:58.093] [DEBUG] cheese - null
[2019-07-19T22:27:52.131] [DEBUG] cheese - login => username:admin,password:123456
[2019-07-19T22:27:52.131] [DEBUG] cheese - admin
[2019-07-19T22:27:52.142] [DEBUG] cheese - null
[2019-07-19T22:27:52.142] [DEBUG] cheese - null
[2019-07-19T22:29:44.761] [DEBUG] cheese - login => username:admin,password:123456
[2019-07-19T22:29:44.761] [DEBUG] cheese - admin
[2019-07-19T22:29:44.765] [DEBUG] cheese - null
[2019-07-19T22:29:44.765] [DEBUG] cheese - null
[2019-07-19T22:29:51.015] [DEBUG] cheese - login => username:admin,password:123456
[2019-07-19T22:29:51.015] [DEBUG] cheese - admin
[2019-07-19T22:29:51.018] [DEBUG] cheese - null
[2019-07-19T22:29:51.018] [DEBUG] cheese - null
[2019-07-19T22:31:04.054] [DEBUG] cheese - login => username:admin,password:123456
[2019-07-19T22:31:04.054] [DEBUG] cheese - admin
[2019-07-19T22:31:04.059] [DEBUG] cheese - null
[2019-07-19T22:31:04.059] [DEBUG] cheese - null
[2019-07-19T22:35:40.006] [DEBUG] cheese - login => username:admin,password:123456
[2019-07-19T22:35:40.007] [DEBUG] cheese - admin
[2019-07-19T22:35:40.011] [DEBUG] cheese - null
[2019-07-19T22:35:40.011] [DEBUG] cheese - null
[2019-07-19T22:35:44.199] [DEBUG] cheese - login => username:admin1,password:123456
[2019-07-19T22:35:44.199] [DEBUG] cheese - admin1
[2019-07-19T22:35:44.216] [DEBUG] cheese - null
[2019-07-19T22:35:44.216] [DEBUG] cheese - null
[2019-07-19T22:36:11.954] [DEBUG] cheese - login => username:admin,password:123456
[2019-07-19T22:36:11.954] [DEBUG] cheese - admin
[2019-07-19T22:36:11.957] [DEBUG] cheese - null
[2019-07-19T22:36:11.957] [DEBUG] cheese - null
[2019-07-19T22:36:48.348] [DEBUG] cheese - login => username:admin,password:123456
[2019-07-19T22:36:48.349] [DEBUG] cheese - admin
[2019-07-19T22:36:48.352] [DEBUG] cheese - null
[2019-07-19T22:36:48.352] [DEBUG] cheese - null
[2019-07-20T09:07:20.309] [DEBUG] cheese - login => username:admin,password:123456
[2019-07-20T09:07:20.311] [DEBUG] cheese - admin
[2019-07-20T09:07:20.325] [DEBUG] cheese - null
[2019-07-20T09:07:20.325] [DEBUG] cheese - null
[2019-07-20T09:07:42.569] [DEBUG] cheese - login => username:admin,password:123456
[2019-07-20T09:07:42.569] [DEBUG] cheese - admin
[2019-07-20T09:07:42.573] [DEBUG] cheese - null
[2019-07-20T09:07:42.574] [DEBUG] cheese - null
[2019-07-20T09:13:03.697] [DEBUG] cheese - login => username:admin,password:123456
[2019-07-20T09:13:03.697] [DEBUG] cheese - admin
[2019-07-20T09:13:03.700] [DEBUG] cheese - null
[2019-07-20T09:13:03.700] [DEBUG] cheese - null
[2019-07-20T09:55:54.321] [DEBUG] cheese - login => username:admin,password:123456
[2019-07-20T09:55:54.321] [DEBUG] cheese - admin
[2019-07-20T09:55:54.328] [DEBUG] cheese - null
[2019-07-20T09:55:54.328] [DEBUG] cheese - null
[2019-07-20T09:55:55.803] [DEBUG] cheese - login => username:admin,password:123456
[2019-07-20T09:55:55.803] [DEBUG] cheese - admin
[2019-07-20T09:55:55.805] [DEBUG] cheese - null
[2019-07-20T09:55:55.805] [DEBUG] cheese - null
[2019-07-20T09:55:56.504] [DEBUG] cheese - login => username:admin,password:123456
[2019-07-20T09:55:56.504] [DEBUG] cheese - admin
[2019-07-20T09:55:56.507] [DEBUG] cheese - null
[2019-07-20T09:55:56.507] [DEBUG] cheese - null
[2019-07-20T09:56:52.023] [DEBUG] cheese - login => username:admin,password:123456
[2019-07-20T09:56:52.023] [DEBUG] cheese - admin
[2019-07-20T09:56:52.026] [DEBUG] cheese - null
[2019-07-20T09:56:52.026] [DEBUG] cheese - null
[2019-07-20T09:56:52.515] [DEBUG] cheese - login => username:admin,password:123456
[2019-07-20T09:56:52.515] [DEBUG] cheese - admin
[2019-07-20T09:56:52.518] [DEBUG] cheese - null
[2019-07-20T09:56:52.518] [DEBUG] cheese - null
[2019-07-20T09:56:52.709] [DEBUG] cheese - login => username:admin,password:123456
[2019-07-20T09:56:52.709] [DEBUG] cheese - admin
[2019-07-20T09:56:52.711] [DEBUG] cheese - null
[2019-07-20T09:56:52.711] [DEBUG] cheese - null
[2019-07-20T09:57:28.343] [DEBUG] cheese - login => username:admin,password:123456
[2019-07-20T09:57:28.343] [DEBUG] cheese - admin
[2019-07-20T09:57:28.345] [DEBUG] cheese - null
[2019-07-20T09:57:28.345] [DEBUG] cheese - null
[2019-07-20T09:57:29.334] [DEBUG] cheese - login => username:admin,password:123456
[2019-07-20T09:57:29.334] [DEBUG] cheese - admin
[2019-07-20T09:57:29.336] [DEBUG] cheese - null
[2019-07-20T09:57:29.336] [DEBUG] cheese - null
[2019-07-20T09:57:31.999] [DEBUG] cheese - login => username:admin,password:123456
[2019-07-20T09:57:31.999] [DEBUG] cheese - admin
[2019-07-20T09:57:32.002] [DEBUG] cheese - null
[2019-07-20T09:57:32.002] [DEBUG] cheese - null
[2019-07-20T09:58:17.407] [DEBUG] cheese - login => username:admin,password:123456
[2019-07-20T09:58:17.407] [DEBUG] cheese - admin
[2019-07-20T09:58:17.410] [DEBUG] cheese - null
[2019-07-20T09:58:17.410] [DEBUG] cheese - null
[2019-07-20T09:58:18.459] [DEBUG] cheese - login => username:admin,password:123456
[2019-07-20T09:58:18.459] [DEBUG] cheese - admin
[2019-07-20T09:58:18.461] [DEBUG] cheese - null
[2019-07-20T09:58:18.461] [DEBUG] cheese - null
[2019-07-20T09:59:55.599] [DEBUG] cheese - login => username:admin,password:123456
[2019-07-20T09:59:55.599] [DEBUG] cheese - admin
[2019-07-20T09:59:55.603] [DEBUG] cheese - null
[2019-07-20T09:59:55.603] [DEBUG] cheese - null
[2019-07-20T10:01:04.720] [DEBUG] cheese - login => username:admin,password:123456
[2019-07-20T10:01:04.720] [DEBUG] cheese - admin
[2019-07-20T10:01:04.723] [DEBUG] cheese - null
[2019-07-20T10:01:04.723] [DEBUG] cheese - null
[2019-07-20T10:01:43.802] [DEBUG] cheese - login => username:admin,password:123456
[2019-07-20T10:01:43.802] [DEBUG] cheese - admin
[2019-07-20T10:01:43.805] [DEBUG] cheese - null
[2019-07-20T10:01:43.806] [DEBUG] cheese - null
[2019-07-20T10:01:52.752] [DEBUG] cheese - login => username:admin,password:123456
[2019-07-20T10:01:52.752] [DEBUG] cheese - admin
[2019-07-20T10:01:52.754] [DEBUG] cheese - null
[2019-07-20T10:01:52.754] [DEBUG] cheese - null
[2019-07-20T10:01:54.692] [DEBUG] cheese - login => username:admin,password:123456
[2019-07-20T10:01:54.693] [DEBUG] cheese - admin
[2019-07-20T10:01:54.695] [DEBUG] cheese - null
[2019-07-20T10:01:54.695] [DEBUG] cheese - null
[2019-07-20T10:02:02.434] [DEBUG] cheese - login => username:admin,password:123456
[2019-07-20T10:02:02.434] [DEBUG] cheese - admin
[2019-07-20T10:02:02.437] [DEBUG] cheese - null
[2019-07-20T10:02:02.437] [DEBUG] cheese - null
[2019-07-20T10:02:05.712] [DEBUG] cheese - login => username:admin,password:123456
[2019-07-20T10:02:05.712] [DEBUG] cheese - admin
[2019-07-20T10:02:05.715] [DEBUG] cheese - null
[2019-07-20T10:02:05.715] [DEBUG] cheese - null
[2019-07-20T10:02:40.288] [DEBUG] cheese - login => username:admin,password:123456
[2019-07-20T10:02:40.288] [DEBUG] cheese - admin
[2019-07-20T10:02:40.290] [DEBUG] cheese - null
[2019-07-20T10:02:40.290] [DEBUG] cheese - null
[2019-07-20T10:03:16.886] [DEBUG] cheese - login => username:admin,password:123456
[2019-07-20T10:03:16.886] [DEBUG] cheese - admin
[2019-07-20T10:03:16.890] [DEBUG] cheese - null
[2019-07-20T10:03:16.890] [DEBUG] cheese - null
[2019-07-20T10:06:10.067] [DEBUG] cheese - login => username:admin,password:123456
[2019-07-20T10:06:10.067] [DEBUG] cheese - admin
[2019-07-20T10:06:10.070] [DEBUG] cheese - null
[2019-07-20T10:06:10.070] [DEBUG] cheese - null
[2019-07-20T10:17:52.748] [DEBUG] cheese - login => username:admin,password:123456
[2019-07-20T10:17:52.748] [DEBUG] cheese - admin
[2019-07-20T10:17:52.754] [DEBUG] cheese - null
[2019-07-20T10:17:52.755] [DEBUG] cheese - null
[2019-07-20T11:06:48.160] [DEBUG] cheese - login => username:admin,password:123456
[2019-07-20T11:06:48.161] [DEBUG] cheese - admin
[2019-07-20T11:06:48.174] [DEBUG] cheese - null
[2019-07-20T11:06:48.174] [DEBUG] cheese - null
[2019-07-20T11:07:12.871] [DEBUG] cheese - login => username:admin,password:123456
[2019-07-20T11:07:12.871] [DEBUG] cheese - admin
[2019-07-20T11:07:12.874] [DEBUG] cheese - null
[2019-07-20T11:07:12.874] [DEBUG] cheese - null
[2019-07-20T11:09:59.205] [DEBUG] cheese - login => username:admin,password:123456
[2019-07-20T11:09:59.205] [DEBUG] cheese - admin
[2019-07-20T11:09:59.207] [DEBUG] cheese - null
[2019-07-20T11:09:59.207] [DEBUG] cheese - null
[2019-07-20T11:52:13.955] [DEBUG] cheese - login => username:admin,password:123456
[2019-07-20T11:52:13.955] [DEBUG] cheese - admin
[2019-07-20T11:52:13.961] [DEBUG] cheese - null
[2019-07-20T11:52:13.961] [DEBUG] cheese - null
[2019-07-21T08:58:58.094] [DEBUG] cheese - login => username:admin,password:123456
[2019-07-21T08:58:58.096] [DEBUG] cheese - admin
[2019-07-21T08:58:58.111] [DEBUG] cheese - null
[2019-07-21T08:58:58.111] [DEBUG] cheese - null
[2019-07-21T09:39:58.899] [DEBUG] cheese - login => username:admin,password:123456
[2019-07-21T09:39:58.901] [DEBUG] cheese - admin
[2019-07-21T09:39:58.913] [DEBUG] cheese - null
[2019-07-21T09:39:58.914] [DEBUG] cheese - null
[2019-07-21T14:13:52.644] [DEBUG] cheese - login => username:admin,password:123456
[2019-07-21T14:13:52.646] [DEBUG] cheese - admin
[2019-07-21T14:13:52.662] [DEBUG] cheese - null
[2019-07-21T14:13:52.662] [DEBUG] cheese - null
[2019-07-21T14:22:02.472] [DEBUG] cheese - login => username:admin,password:123456
[2019-07-21T14:22:02.472] [DEBUG] cheese - admin
[2019-07-21T14:22:02.475] [DEBUG] cheese - null
[2019-07-21T14:22:02.475] [DEBUG] cheese - null
[2019-07-21T14:26:51.987] [DEBUG] cheese - login => username:admin,password:123456
[2019-07-21T14:26:51.987] [DEBUG] cheese - admin
[2019-07-21T14:26:51.990] [DEBUG] cheese - null
[2019-07-21T14:26:51.990] [DEBUG] cheese - null
[2019-07-21T14:27:20.462] [DEBUG] cheese - login => username:admin,password:123456
[2019-07-21T14:27:20.462] [DEBUG] cheese - admin
[2019-07-21T14:27:20.466] [DEBUG] cheese - null
[2019-07-21T14:27:20.466] [DEBUG] cheese - null
[2019-07-21T16:13:50.969] [DEBUG] cheese - login => username:admin,password:123456
[2019-07-21T16:13:50.970] [DEBUG] cheese - admin
[2019-07-21T16:13:50.974] [DEBUG] cheese - null
[2019-07-21T16:13:50.974] [DEBUG] cheese - null
[2019-07-21T18:36:44.900] [DEBUG] cheese - login => username:admin,password:123456
[2019-07-21T18:36:44.900] [DEBUG] cheese - admin
[2019-07-21T18:36:44.903] [DEBUG] cheese - null
[2019-07-21T18:36:44.903] [DEBUG] cheese - null
[2019-07-21T18:37:01.949] [DEBUG] cheese - login => username:admin,password:123456
[2019-07-21T18:37:01.949] [DEBUG] cheese - admin
[2019-07-21T18:37:01.951] [DEBUG] cheese - null
[2019-07-21T18:37:01.951] [DEBUG] cheese - null
[2019-07-22T08:22:58.668] [DEBUG] cheese - login => username:admin,password:123456
[2019-07-22T08:22:58.670] [DEBUG] cheese - admin
[2019-07-22T08:22:58.686] [DEBUG] cheese - null
[2019-07-22T08:22:58.686] [DEBUG] cheese - null
[2019-07-22T08:32:56.636] [DEBUG] cheese - login => username:admin,password:123456
[2019-07-22T08:32:56.636] [DEBUG] cheese - admin
[2019-07-22T08:32:56.642] [DEBUG] cheese - null
[2019-07-22T08:32:56.643] [DEBUG] cheese - null
[2019-07-22T12:12:41.588] [DEBUG] cheese - null
[2019-07-22T12:25:02.808] [DEBUG] cheese - null
[2019-07-22T14:19:33.265] [DEBUG] cheese - login => username:admin,password:123456
[2019-07-22T14:19:33.265] [DEBUG] cheese - admin
[2019-07-22T14:19:33.268] [DEBUG] cheese - null
[2019-07-22T14:19:33.268] [DEBUG] cheese - null
[2019-07-22T18:33:59.699] [DEBUG] cheese - login => username:admin,password:123456
[2019-07-22T18:33:59.701] [DEBUG] cheese - admin
[2019-07-22T18:33:59.709] [DEBUG] cheese - null
[2019-07-22T18:33:59.709] [DEBUG] cheese - null
[2019-07-22T18:41:48.543] [DEBUG] cheese - login => username:admin,password:123456
[2019-07-22T18:41:48.543] [DEBUG] cheese - admin
[2019-07-22T18:41:48.547] [DEBUG] cheese - null
[2019-07-22T18:41:48.547] [DEBUG] cheese - null
[2019-07-22T20:01:58.277] [DEBUG] cheese - login => username:admin,password:123456
[2019-07-22T20:01:58.277] [DEBUG] cheese - admin
[2019-07-22T20:01:58.280] [DEBUG] cheese - null
[2019-07-22T20:01:58.280] [DEBUG] cheese - null
[2019-07-22T22:28:02.683] [DEBUG] cheese - login => username:admin,password:123456
[2019-07-22T22:28:02.683] [DEBUG] cheese - admin
[2019-07-22T22:28:02.686] [DEBUG] cheese - null
[2019-07-22T22:28:02.686] [DEBUG] cheese - null
[2019-07-23T08:37:25.679] [DEBUG] cheese - login => username:admin,password:123456
[2019-07-23T08:37:25.681] [DEBUG] cheese - admin
[2019-07-23T08:37:25.695] [DEBUG] cheese - null
[2019-07-23T08:37:25.696] [DEBUG] cheese - null
[2019-07-23T08:53:46.322] [DEBUG] cheese - null
[2019-07-23T08:53:50.701] [DEBUG] cheese - null
[2019-07-23T08:55:45.148] [DEBUG] cheese - null
[2019-07-23T08:55:49.107] [DEBUG] cheese - null
[2019-07-23T08:57:51.861] [DEBUG] cheese - null
[2019-07-23T08:59:43.395] [DEBUG] cheese - login => username:admin,password:123456
[2019-07-23T08:59:43.395] [DEBUG] cheese - admin
[2019-07-23T08:59:43.400] [DEBUG] cheese - null
[2019-07-23T08:59:43.400] [DEBUG] cheese - null
[2019-07-23T09:00:17.658] [DEBUG] cheese - login => username:admin,password:123456
[2019-07-23T09:00:17.658] [DEBUG] cheese - admin
[2019-07-23T09:00:17.666] [DEBUG] cheese - null
[2019-07-23T09:00:17.666] [DEBUG] cheese - null
[2019-07-23T11:37:26.896] [DEBUG] cheese - login => username:admin,password:123456
[2019-07-23T11:37:26.900] [DEBUG] cheese - admin
[2019-07-23T11:37:26.923] [DEBUG] cheese - null
[2019-07-23T11:37:26.923] [DEBUG] cheese - null
[2019-07-24T09:22:26.592] [DEBUG] cheese - login => username:admin,password:123456
[2019-07-24T09:22:26.594] [DEBUG] cheese - admin
[2019-07-24T09:22:26.609] [DEBUG] cheese - null
[2019-07-24T09:22:26.609] [DEBUG] cheese - null
[2019-07-24T10:53:54.537] [DEBUG] cheese - login => username:admin,password:123456
[2019-07-24T10:53:54.537] [DEBUG] cheese - admin
[2019-07-24T10:53:54.559] [DEBUG] cheese - null
[2019-07-24T10:53:54.559] [DEBUG] cheese - null
[2019-07-24T19:12:38.409] [DEBUG] cheese - login => username:admin,password:123456
[2019-07-24T19:12:38.409] [DEBUG] cheese - admin
[2019-07-24T19:12:38.414] [DEBUG] cheese - null
[2019-07-24T19:12:38.414] [DEBUG] cheese - null
[2019-07-24T19:19:49.684] [DEBUG] cheese - login => username:admin,password:123456
[2019-07-24T19:19:49.684] [DEBUG] cheese - admin
[2019-07-24T19:19:49.692] [DEBUG] cheese - null
[2019-07-24T19:19:49.692] [DEBUG] cheese - null
[2019-07-24T20:31:04.326] [DEBUG] cheese - login => username:admin,password:123456
[2019-07-24T20:31:04.326] [DEBUG] cheese - admin
[2019-07-24T20:31:04.330] [DEBUG] cheese - null
[2019-07-24T20:31:04.330] [DEBUG] cheese - null
[2019-07-25T08:29:12.097] [DEBUG] cheese - login => username:admin,password:123456
[2019-07-25T08:29:12.099] [DEBUG] cheese - admin
[2019-07-25T08:29:12.114] [DEBUG] cheese - null
[2019-07-25T08:29:12.114] [DEBUG] cheese - null
[2019-07-25T10:44:15.990] [DEBUG] cheese - login => username:admin,password:123456
[2019-07-25T10:44:15.990] [DEBUG] cheese - admin
[2019-07-25T10:44:15.993] [DEBUG] cheese - null
[2019-07-25T10:44:15.993] [DEBUG] cheese - null
[2019-07-25T12:05:19.193] [DEBUG] cheese - login => username:admin,password:123456
[2019-07-25T12:05:19.193] [DEBUG] cheese - admin
[2019-07-25T12:05:19.197] [DEBUG] cheese - null
[2019-07-25T12:05:19.197] [DEBUG] cheese - null
[2019-07-25T15:01:13.028] [DEBUG] cheese - login => username:admin,password:123456
[2019-07-25T15:01:13.028] [DEBUG] cheese - admin
[2019-07-25T15:01:13.032] [DEBUG] cheese - null
[2019-07-25T15:01:13.032] [DEBUG] cheese - null
[2019-07-25T18:33:22.770] [DEBUG] cheese - login => username:admin,password:123456
[2019-07-25T18:33:22.772] [DEBUG] cheese - admin
[2019-07-25T18:33:22.785] [DEBUG] cheese - null
[2019-07-25T18:33:22.785] [DEBUG] cheese - null
[2019-07-25T19:51:45.254] [DEBUG] cheese - null
[2019-07-25T20:06:10.914] [DEBUG] cheese - login => username:admin,password:123456
[2019-07-25T20:06:10.914] [DEBUG] cheese - admin
[2019-07-25T20:06:10.917] [DEBUG] cheese - null
[2019-07-25T20:06:10.917] [DEBUG] cheese - null
[2019-07-25T20:39:48.003] [DEBUG] cheese - login => username:admin,password:123456
[2019-07-25T20:39:48.007] [DEBUG] cheese - admin
[2019-07-25T20:39:48.033] [DEBUG] cheese - null
[2019-07-25T20:39:48.033] [DEBUG] cheese - null
[2019-07-25T20:42:30.206] [DEBUG] cheese - login => username:admin,password:123456
[2019-07-25T20:42:30.206] [DEBUG] cheese - admin
[2019-07-25T20:42:30.209] [DEBUG] cheese - null
[2019-07-25T20:42:30.210] [DEBUG] cheese - null
[2019-07-25T21:05:51.207] [DEBUG] cheese - login => username:admin,password:123456
[2019-07-25T21:05:51.208] [DEBUG] cheese - admin
[2019-07-25T21:05:51.236] [DEBUG] cheese - null
[2019-07-25T21:05:51.236] [DEBUG] cheese - null
[2019-07-25T22:29:25.909] [DEBUG] cheese - login => username:admin,password:123456
[2019-07-25T22:29:25.909] [DEBUG] cheese - admin
[2019-07-25T22:29:25.914] [DEBUG] cheese - null
[2019-07-25T22:29:25.914] [DEBUG] cheese - null
[2019-07-25T22:43:57.773] [DEBUG] cheese - login => username:admin,password:123456
[2019-07-25T22:43:57.777] [DEBUG] cheese - admin
[2019-07-25T22:43:57.802] [DEBUG] cheese - null
[2019-07-25T22:43:57.803] [DEBUG] cheese - null
[2019-07-26T09:08:05.525] [DEBUG] cheese - login => username:admin,password:123456
[2019-07-26T09:08:05.527] [DEBUG] cheese - admin
[2019-07-26T09:08:05.540] [DEBUG] cheese - null
[2019-07-26T09:08:05.541] [DEBUG] cheese - null
[2019-07-26T10:46:59.453] [DEBUG] cheese - login => username:admin,password:123456
[2019-07-26T10:46:59.453] [DEBUG] cheese - admin
[2019-07-26T10:46:59.457] [DEBUG] cheese - null
[2019-07-26T10:46:59.457] [DEBUG] cheese - null
[2019-07-27T08:45:39.260] [DEBUG] cheese - login => username:admin,password:123456
[2019-07-27T08:45:39.262] [DEBUG] cheese - admin
[2019-07-27T08:45:39.276] [DEBUG] cheese - null
[2019-07-27T08:45:39.277] [DEBUG] cheese - null
[2019-07-27T09:06:01.164] [DEBUG] cheese - login => username:admin,password:123456
[2019-07-27T09:06:01.164] [DEBUG] cheese - admin
[2019-07-27T09:06:01.168] [DEBUG] cheese - null
[2019-07-27T09:06:01.168] [DEBUG] cheese - null
[2019-07-27T10:40:44.750] [DEBUG] cheese - login => username:admin,password:123456
[2019-07-27T10:40:44.751] [DEBUG] cheese - admin
[2019-07-27T10:40:44.755] [DEBUG] cheese - null
[2019-07-27T10:40:44.756] [DEBUG] cheese - null
[2019-07-27T18:36:01.606] [DEBUG] cheese - login => username:admin,password:123456
[2019-07-27T18:36:01.606] [DEBUG] cheese - admin
[2019-07-27T18:36:01.611] [DEBUG] cheese - null
[2019-07-27T18:36:01.611] [DEBUG] cheese - null
[2019-07-27T18:48:39.480] [DEBUG] cheese - login => username:admin,password:123456
[2019-07-27T18:48:39.480] [DEBUG] cheese - admin
[2019-07-27T18:48:39.484] [DEBUG] cheese - null
[2019-07-27T18:48:39.484] [DEBUG] cheese - null
[2019-07-27T19:04:18.667] [DEBUG] cheese - login => username:admin,password:123456
[2019-07-27T19:04:18.667] [DEBUG] cheese - admin
[2019-07-27T19:04:18.669] [DEBUG] cheese - null
[2019-07-27T19:04:18.669] [DEBUG] cheese - null
[2019-07-28T09:02:45.013] [DEBUG] cheese - login => username:admin,password:123456
[2019-07-28T09:02:45.015] [DEBUG] cheese - admin
[2019-07-28T09:02:45.030] [DEBUG] cheese - null
[2019-07-28T09:02:45.030] [DEBUG] cheese - null
[2019-07-28T09:09:34.446] [DEBUG] cheese - login => username:admin,password:123456
[2019-07-28T09:09:34.446] [DEBUG] cheese - admin
[2019-07-28T09:09:34.462] [DEBUG] cheese - null
[2019-07-28T09:09:34.462] [DEBUG] cheese - null
[2019-07-28T09:25:36.401] [DEBUG] cheese - login => username:admin,password:123456
[2019-07-28T09:25:36.401] [DEBUG] cheese - admin
[2019-07-28T09:25:36.404] [DEBUG] cheese - null
[2019-07-28T09:25:36.405] [DEBUG] cheese - null
[2019-07-28T10:16:53.099] [DEBUG] cheese - login => username:admin,password:123456
[2019-07-28T10:16:53.099] [DEBUG] cheese - admin
[2019-07-28T10:16:53.103] [DEBUG] cheese - null
[2019-07-28T10:16:53.103] [DEBUG] cheese - null
[2019-07-28T15:11:56.708] [DEBUG] cheese - login => username:admin,password:123456
[2019-07-28T15:11:56.708] [DEBUG] cheese - admin
[2019-07-28T15:11:56.720] [DEBUG] cheese - null
[2019-07-28T15:11:56.720] [DEBUG] cheese - null
[2019-07-28T17:34:54.441] [DEBUG] cheese - null
[2019-07-28T18:40:37.127] [DEBUG] cheese - login => username:admin,password:123456
[2019-07-28T18:40:37.128] [DEBUG] cheese - admin
[2019-07-28T18:40:37.134] [DEBUG] cheese - null
[2019-07-28T18:40:37.134] [DEBUG] cheese - null
[2019-07-30T08:33:56.481] [DEBUG] cheese - login => username:admin,password:123456
[2019-07-30T08:33:56.483] [DEBUG] cheese - admin
[2019-07-30T08:33:56.499] [DEBUG] cheese - null
[2019-07-30T08:33:56.500] [DEBUG] cheese - null
[2019-07-30T09:58:05.847] [DEBUG] cheese - login => username:admin,password:123456
[2019-07-30T09:58:05.848] [DEBUG] cheese - admin
[2019-07-30T09:58:05.854] [DEBUG] cheese - null
[2019-07-30T09:58:05.854] [DEBUG] cheese - null
[2019-07-30T11:25:49.952] [DEBUG] cheese - login => username:admin,password:123456
[2019-07-30T11:25:49.952] [DEBUG] cheese - admin
[2019-07-30T11:25:49.957] [DEBUG] cheese - null
[2019-07-30T11:25:49.957] [DEBUG] cheese - null
[2019-07-30T18:02:55.118] [DEBUG] cheese - login => username:admin,password:123456
[2019-07-30T18:02:55.119] [DEBUG] cheese - admin
[2019-07-30T18:02:55.135] [DEBUG] cheese - null
[2019-07-30T18:02:55.136] [DEBUG] cheese - null
[2019-08-08T19:44:12.420] [DEBUG] cheese - login => username:admin,password:123456
[2019-08-08T19:44:12.423] [DEBUG] cheese - admin
[2019-08-08T19:44:12.453] [DEBUG] cheese - null
[2019-08-08T19:44:12.454] [DEBUG] cheese - null
